<?xml version="1.0" encoding="UTF-8"?>
<testsuite xmlns:xsi="http://www.w3.org/2001/XMLSchema-instance" xsi:noNamespaceSchemaLocation="https://maven.apache.org/surefire/maven-surefire-plugin/xsd/surefire-test-report.xsd" name="cz2001.AppTest" time="0.069" tests="1" errors="0" skipped="0" failures="0">
  <properties>
    <property name="sun.desktop" value="windows"/>
    <property name="awt.toolkit" value="sun.awt.windows.WToolkit"/>
    <property name="java.specification.version" value="11"/>
    <property name="sun.cpu.isalist" value="amd64"/>
    <property name="sun.jnu.encoding" value="Cp1252"/>
    <property name="java.class.path" value="C:\Users\Gerald\Desktop\cz2001_group\codes\lab 2\lab2\target\test-classes;C:\Users\Gerald\Desktop\cz2001_group\codes\lab 2\lab2\target\classes;C:\Users\Gerald\.m2\repository\junit\junit\4.11\junit-4.11.jar;C:\Users\Gerald\.m2\repository\org\hamcrest\hamcrest-core\1.3\hamcrest-core-1.3.jar;C:\Users\Gerald\.m2\repository\org\graphstream\gs-core\2.0\gs-core-2.0.jar;C:\Users\Gerald\.m2\repository\org\graphstream\pherd\1.0\pherd-1.0.jar;C:\Users\Gerald\.m2\repository\org\graphstream\mbox2\1.0\mbox2-1.0.jar;C:\Users\Gerald\.m2\repository\org\graphstream\gs-algo\2.0\gs-algo-2.0.jar;C:\Users\Gerald\.m2\repository\org\apache\commons\commons-math\2.1\commons-math-2.1.jar;C:\Users\Gerald\.m2\repository\org\apache\commons\commons-math3\3.4.1\commons-math3-3.4.1.jar;C:\Users\Gerald\.m2\repository\org\jfree\jfreechart\1.0.14\jfreechart-1.0.14.jar;C:\Users\Gerald\.m2\repository\org\jfree\jcommon\1.0.17\jcommon-1.0.17.jar;C:\Users\Gerald\.m2\repository\xml-apis\xml-apis\1.3.04\xml-apis-1.3.04.jar;C:\Users\Gerald\.m2\repository\com\lowagie\itext\2.1.5\itext-2.1.5.jar;C:\Users\Gerald\.m2\repository\bouncycastle\bcmail-jdk14\138\bcmail-jdk14-138.jar;C:\Users\Gerald\.m2\repository\bouncycastle\bcprov-jdk14\138\bcprov-jdk14-138.jar;C:\Users\Gerald\.m2\repository\org\graphstream\gs-ui-swing\2.0\gs-ui-swing-2.0.jar;"/>
    <property name="java.vm.vendor" value="AdoptOpenJDK"/>
    <property name="sun.arch.data.model" value="64"/>
    <property name="user.variant" value=""/>
    <property name="java.vendor.url" value="https://adoptopenjdk.net/"/>
    <property name="user.timezone" value="Asia/Singapore"/>
    <property name="java.vm.specification.version" value="11"/>
    <property name="os.name" value="Windows 10"/>
    <property name="sun.java.launcher" value="SUN_STANDARD"/>
    <property name="user.country" value="SG"/>
    <property name="sun.boot.library.path" value="C:\Program Files\AdoptOpenJDK\jdk-11.0.7.10-hotspot\bin"/>
    <property name="sun.java.command" value="C:\Users\Gerald\AppData\Local\Temp\surefire14426400788117193181\surefirebooter12066492873795472954.jar C:\Users\Gerald\AppData\Local\Temp\surefire14426400788117193181 2020-10-21T13-49-24_298-jvmRun1 surefire11313454233197527340tmp surefire_06714747167673098844tmp"/>
    <property name="jdk.debug" value="release"/>
    <property name="surefire.test.class.path" value="C:\Users\Gerald\Desktop\cz2001_group\codes\lab 2\lab2\target\test-classes;C:\Users\Gerald\Desktop\cz2001_group\codes\lab 2\lab2\target\classes;C:\Users\Gerald\.m2\repository\junit\junit\4.11\junit-4.11.jar;C:\Users\Gerald\.m2\repository\org\hamcrest\hamcrest-core\1.3\hamcrest-core-1.3.jar;C:\Users\Gerald\.m2\repository\org\graphstream\gs-core\2.0\gs-core-2.0.jar;C:\Users\Gerald\.m2\repository\org\graphstream\pherd\1.0\pherd-1.0.jar;C:\Users\Gerald\.m2\repository\org\graphstream\mbox2\1.0\mbox2-1.0.jar;C:\Users\Gerald\.m2\repository\org\graphstream\gs-algo\2.0\gs-algo-2.0.jar;C:\Users\Gerald\.m2\repository\org\apache\commons\commons-math\2.1\commons-math-2.1.jar;C:\Users\Gerald\.m2\repository\org\apache\commons\commons-math3\3.4.1\commons-math3-3.4.1.jar;C:\Users\Gerald\.m2\repository\org\jfree\jfreechart\1.0.14\jfreechart-1.0.14.jar;C:\Users\Gerald\.m2\repository\org\jfree\jcommon\1.0.17\jcommon-1.0.17.jar;C:\Users\Gerald\.m2\repository\xml-apis\xml-apis\1.3.04\xml-apis-1.3.04.jar;C:\Users\Gerald\.m2\repository\com\lowagie\itext\2.1.5\itext-2.1.5.jar;C:\Users\Gerald\.m2\repository\bouncycastle\bcmail-jdk14\138\bcmail-jdk14-138.jar;C:\Users\Gerald\.m2\repository\bouncycastle\bcprov-jdk14\138\bcprov-jdk14-138.jar;C:\Users\Gerald\.m2\repository\org\graphstream\gs-ui-swing\2.0\gs-ui-swing-2.0.jar;"/>
    <property name="sun.cpu.endian" value="little"/>
    <property name="user.home" value="C:\Users\Gerald"/>
    <property name="user.language" value="en"/>
    <property name="java.specification.vendor" value="Oracle Corporation"/>
    <property name="java.version.date" value="2020-04-14"/>
    <property name="java.home" value="C:\Program Files\AdoptOpenJDK\jdk-11.0.7.10-hotspot"/>
    <property name="file.separator" value="\"/>
    <property name="basedir" value="C:\Users\Gerald\Desktop\cz2001_group\codes\lab 2\lab2"/>
    <property name="java.vm.compressedOopsMode" value="Zero based"/>
    <property name="line.separator" value="&#10;"/>
    <property name="java.specification.name" value="Java Platform API Specification"/>
    <property name="java.vm.specification.vendor" value="Oracle Corporation"/>
    <property name="java.awt.graphicsenv" value="sun.awt.Win32GraphicsEnvironment"/>
    <property name="surefire.real.class.path" value="C:\Users\Gerald\AppData\Local\Temp\surefire14426400788117193181\surefirebooter12066492873795472954.jar"/>
    <property name="user.script" value=""/>
    <property name="sun.management.compiler" value="HotSpot 64-Bit Tiered Compilers"/>
    <property name="java.runtime.version" value="11.0.7+10"/>
    <property name="user.name" value="Gerald"/>
    <property name="path.separator" value=";"/>
    <property name="os.version" value="10.0"/>
    <property name="java.runtime.name" value="OpenJDK Runtime Environment"/>
    <property name="file.encoding" value="Cp1252"/>
    <property name="java.vm.name" value="OpenJDK 64-Bit Server VM"/>
    <property name="java.vendor.version" value="AdoptOpenJDK"/>
    <property name="localRepository" value="C:\Users\Gerald\.m2\repository"/>
    <property name="java.vendor.url.bug" value="https://github.com/AdoptOpenJDK/openjdk-support/issues"/>
    <property name="java.io.tmpdir" value="C:\Users\Gerald\AppData\Local\Temp\"/>
    <property name="java.version" value="11.0.7"/>
    <property name="user.dir" value="C:\Users\Gerald\Desktop\cz2001_group\codes\lab 2\lab2"/>
    <property name="os.arch" value="amd64"/>
    <property name="java.vm.specification.name" value="Java Virtual Machine Specification"/>
    <property name="java.awt.printerjob" value="sun.awt.windows.WPrinterJob"/>
    <property name="sun.os.patch.level" value=""/>
    <property name="java.library.path" value="C:\Program Files\AdoptOpenJDK\jdk-11.0.7.10-hotspot\bin;C:\Windows\Sun\Java\bin;C:\Windows\system32;C:\Windows;C:\Program Files\AdoptOpenJDK\jdk-11.0.7.10-hotspot\bin;C:\Program Files\Git\usr\local\bin;C:\Program Files\Java\jdk-11.0.2\bin;C:\Program Files\Git\bin;C:\Program Files (x86)\Common Files\Oracle\Java\javapath;C:\Windows\system32;C:\Windows;C:\Windows\System32\Wbem;C:\Windows\System32\WindowsPowerShell\v1.0\;C:\Windows\System32\OpenSSH\;C:\Program Files\NVIDIA Corporation\NVIDIA NvDLISR;C:\Program Files\Intel\WiFi\bin\;C:\Program Files\Common Files\Intel\WirelessCommon\;C:\Program Files\dotnet\;C:\Program Files\Microsoft SQL Server\130\Tools\Binn\;C:\Program Files\Microsoft SQL Server\Client SDK\ODBC\170\Tools\Binn\;C:\Program Files\nodejs\;C:\ProgramData\chocolatey\bin;C:\Users\Gerald\AppData\Local\Programs\Git\cmd;C:\apache-maven-3.6.3\bin;C:\spring-2.2.6.RELEASE\bin;C:\Program Files\PuTTY\;C:\Program Files (x86)\Yarn\bin\;C:\Program Files\Docker\Docker\resources\bin;C:\ProgramData\DockerDesktop\version-bin;C:\Users\Gerald\AppData\Local\Microsoft\WindowsApps;C:\Users\Gerald\AppData\Local\Programs\Git\cmd;C:\Users\Gerald\AppData\Local\Programs\Microsoft VS Code\bin;C:\Users\Gerald\AppData\Roaming\npm;C:\Program Files\MongoDB\Server\4.2\bin\;C:\Program Files\heroku\bin;C:\Users\Gerald\AppData\Local\Yarn\bin;C:\Users\Gerald\AppData\Local\Programs\Python\Python37\Scripts;;."/>
    <property name="java.vendor" value="AdoptOpenJDK"/>
    <property name="java.vm.info" value="mixed mode"/>
    <property name="java.vm.version" value="11.0.7+10"/>
    <property name="sun.io.unicode.encoding" value="UnicodeLittle"/>
    <property name="java.class.version" value="55.0"/>
  </properties>
  <testcase name="shouldAnswerWithTrue" classname="cz2001.AppTest" time="0.003"/>
</testsuite>